<?xml version="1.0" encoding="UTF-8"?>
<!-- Generated by org.testng.reporters.JUnitReportReporter -->
<testsuite hostname="VyshakaShamanth" failures="0" tests="1" name="com.ebay.testcases.CoinDeskTest" time="3.845" errors="0" timestamp="2025-01-10T01:08:35 IST" skipped="0">
  <testcase classname="com.ebay.testcases.CoinDeskTest" name="validateCoinDeskTestOne" time="3.845"/>
  <system-out/>
</testsuite> <!-- com.ebay.testcases.CoinDeskTest -->
