<?xml version="1.0" encoding="UTF-8"?>
<!-- Generated by org.testng.reporters.JUnitReportReporter -->
<testsuite hostname="VyshakaShamanth" failures="0" tests="1" name="com.ebay.testcases.EbayTest" time="48.176" errors="0" timestamp="2025-01-10T01:08:35 IST" skipped="0">
  <testcase classname="com.ebay.testcases.EbayTest" name="validateEbayTestOne" time="48.176"/>
  <system-out/>
</testsuite> <!-- com.ebay.testcases.EbayTest -->
